<?xml version="1.0" encoding="UTF-8"?>
<coverage generated="1625822810">
  <project timestamp="1625822810">
    <package name="SKien\Formgenerator">
      <file name="/var/www/html/packages/Formgenerator/SKien/Formgenerator/AbstractFormData.php">
        <class name="SKien\Formgenerator\AbstractFormData" namespace="SKien\Formgenerator" fullPackage="Formgenerator" package="Formgenerator">
          <metrics complexity="4" methods="4" coveredmethods="4" conditionals="0" coveredconditionals="0" statements="6" coveredstatements="6" elements="10" coveredelements="10"/>
        </class>
        <line num="23" type="method" name="getValue" visibility="public" complexity="1" crap="1" count="99"/>
        <line num="25" type="stmt" count="99"/>
        <line num="33" type="method" name="getSelectOptions" visibility="public" complexity="1" crap="1" count="61"/>
        <line num="35" type="stmt" count="61"/>
        <line num="43" type="method" name="setValue" visibility="public" complexity="1" crap="1" count="1"/>
        <line num="45" type="stmt" count="1"/>
        <line num="46" type="stmt" count="1"/>
        <line num="53" type="method" name="setSelectOptions" visibility="public" complexity="1" crap="1" count="1"/>
        <line num="55" type="stmt" count="1"/>
        <line num="56" type="stmt" count="1"/>
        <metrics loc="58" ncloc="34" classes="1" methods="4" coveredmethods="4" conditionals="0" coveredconditionals="0" statements="6" coveredstatements="6" elements="10" coveredelements="10"/>
      </file>
      <file name="/var/www/html/packages/Formgenerator/SKien/Formgenerator/ArrayFormData.php">
        <class name="SKien\Formgenerator\ArrayFormData" namespace="SKien\Formgenerator" fullPackage="Formgenerator" package="Formgenerator">
          <metrics complexity="1" methods="1" coveredmethods="1" conditionals="0" coveredconditionals="0" statements="3" coveredstatements="3" elements="4" coveredelements="4"/>
        </class>
        <line num="18" type="method" name="__construct" visibility="public" complexity="1" crap="1" count="183"/>
        <line num="20" type="stmt" count="183"/>
        <line num="21" type="stmt" count="183"/>
        <line num="22" type="stmt" count="183"/>
        <metrics loc="24" ncloc="14" classes="1" methods="1" coveredmethods="1" conditionals="0" coveredconditionals="0" statements="3" coveredstatements="3" elements="4" coveredelements="4"/>
      </file>
      <file name="/var/www/html/packages/Formgenerator/SKien/Formgenerator/FormButton.php">
        <class name="SKien\Formgenerator\FormButton" namespace="SKien\Formgenerator" fullPackage="Formgenerator" package="Formgenerator">
          <metrics complexity="7" methods="3" coveredmethods="3" conditionals="0" coveredconditionals="0" statements="25" coveredstatements="25" elements="28" coveredelements="28"/>
        </class>
        <line num="29" type="method" name="__construct" visibility="public" complexity="2" crap="2" count="7"/>
        <line num="31" type="stmt" count="7"/>
        <line num="32" type="stmt" count="7"/>
        <line num="33" type="stmt" count="7"/>
        <line num="34" type="stmt" count="7"/>
        <line num="36" type="stmt" count="7"/>
        <line num="37" type="stmt" count="1"/>
        <line num="39" type="stmt" count="7"/>
        <line num="46" type="method" name="fromXML" visibility="public" complexity="2" crap="2" count="1"/>
        <line num="49" type="stmt" count="1"/>
        <line num="50" type="stmt" count="1"/>
        <line num="51" type="stmt" count="1"/>
        <line num="52" type="stmt" count="1"/>
        <line num="53" type="stmt" count="1"/>
        <line num="54" type="stmt" count="1"/>
        <line num="62" type="method" name="getHTML" visibility="public" complexity="3" crap="3" count="7"/>
        <line num="64" type="stmt" count="7"/>
        <line num="65" type="stmt" count="7"/>
        <line num="66" type="stmt" count="1"/>
        <line num="67" type="stmt" count="6"/>
        <line num="68" type="stmt" count="1"/>
        <line num="70" type="stmt" count="7"/>
        <line num="72" type="stmt" count="7"/>
        <line num="73" type="stmt" count="7"/>
        <line num="74" type="stmt" count="7"/>
        <line num="75" type="stmt" count="7"/>
        <line num="76" type="stmt" count="7"/>
        <line num="78" type="stmt" count="7"/>
        <metrics loc="80" ncloc="54" classes="1" methods="3" coveredmethods="3" conditionals="0" coveredconditionals="0" statements="25" coveredstatements="25" elements="28" coveredelements="28"/>
      </file>
      <file name="/var/www/html/packages/Formgenerator/SKien/Formgenerator/FormButtonBox.php">
        <class name="SKien\Formgenerator\FormButtonBox" namespace="SKien\Formgenerator" fullPackage="Formgenerator" package="Formgenerator">
          <metrics complexity="25" methods="9" coveredmethods="9" conditionals="0" coveredconditionals="0" statements="75" coveredstatements="75" elements="84" coveredelements="84"/>
        </class>
        <line num="72" type="method" name="__construct" visibility="public" complexity="1" crap="1" count="18"/>
        <line num="74" type="stmt" count="18"/>
        <line num="75" type="stmt" count="18"/>
        <line num="76" type="stmt" count="18"/>
        <line num="83" type="method" name="fromXML" visibility="public" complexity="5" crap="5" count="2"/>
        <line num="85" type="stmt" count="2"/>
        <line num="86" type="stmt" count="2"/>
        <line num="87" type="stmt" count="2"/>
        <line num="88" type="stmt" count="2"/>
        <line num="89" type="stmt" count="2"/>
        <line num="90" type="stmt" count="2"/>
        <line num="92" type="stmt" count="1"/>
        <line num="96" type="stmt" count="1"/>
        <line num="97" type="stmt" count="1"/>
        <line num="98" type="stmt" count="1"/>
        <line num="99" type="stmt" count="1"/>
        <line num="101" type="stmt" count="1"/>
        <line num="115" type="method" name="addButton" visibility="public" complexity="2" crap="2" count="1"/>
        <line num="117" type="stmt" count="1"/>
        <line num="118" type="stmt" count="1"/>
        <line num="125" type="method" name="getHTML" visibility="public" complexity="6" crap="6" count="18"/>
        <line num="127" type="stmt" count="18"/>
        <line num="128" type="stmt" count="1"/>
        <line num="130" type="stmt" count="17"/>
        <line num="131" type="stmt" count="1"/>
        <line num="132" type="stmt" count="16"/>
        <line num="133" type="stmt" count="2"/>
        <line num="136" type="stmt" count="17"/>
        <line num="138" type="stmt" count="17"/>
        <line num="139" type="stmt" count="17"/>
        <line num="140" type="stmt" count="17"/>
        <line num="141" type="stmt" count="17"/>
        <line num="142" type="stmt" count="17"/>
        <line num="143" type="stmt" count="17"/>
        <line num="145" type="stmt" count="17"/>
        <line num="146" type="stmt" count="17"/>
        <line num="148" type="stmt" count="17"/>
        <line num="149" type="stmt" count="17"/>
        <line num="151" type="stmt" count="17"/>
        <line num="161" type="method" name="setTabindex" visibility="public" complexity="1" crap="1" count="18"/>
        <line num="163" type="stmt" count="18"/>
        <line num="164" type="stmt" count="18"/>
        <line num="172" type="method" name="getButton" visibility="protected" complexity="4" crap="4" count="17"/>
        <line num="174" type="stmt" count="17"/>
        <line num="175" type="stmt" count="17"/>
        <line num="176" type="stmt" count="17"/>
        <line num="177" type="stmt" count="17"/>
        <line num="178" type="stmt" count="2"/>
        <line num="179" type="stmt" count="2"/>
        <line num="181" type="stmt" count="15"/>
        <line num="182" type="stmt" count="10"/>
        <line num="184" type="stmt" count="17"/>
        <line num="185" type="stmt" count="17"/>
        <line num="187" type="stmt" count="17"/>
        <line num="195" type="method" name="getCustomButton" visibility="protected" complexity="2" crap="2" count="17"/>
        <line num="197" type="stmt" count="17"/>
        <line num="198" type="stmt" count="17"/>
        <line num="200" type="stmt" count="1"/>
        <line num="207" type="method" name="getButtonCount" visibility="protected" complexity="2" crap="2" count="18"/>
        <line num="209" type="stmt" count="18"/>
        <line num="210" type="stmt" count="18"/>
        <line num="211" type="stmt" count="18"/>
        <line num="212" type="stmt" count="17"/>
        <line num="213" type="stmt" count="17"/>
        <line num="215" type="stmt" count="18"/>
        <line num="224" type="method" name="loadButtonDef" visibility="protected" complexity="2" crap="2" count="17"/>
        <line num="227" type="stmt" count="17"/>
        <line num="228" type="stmt" count="17"/>
        <line num="229" type="stmt" count="17"/>
        <line num="230" type="stmt" count="17"/>
        <line num="231" type="stmt" count="17"/>
        <line num="232" type="stmt" count="17"/>
        <line num="233" type="stmt" count="17"/>
        <line num="234" type="stmt" count="17"/>
        <line num="235" type="stmt" count="17"/>
        <line num="236" type="stmt" count="17"/>
        <line num="237" type="stmt" count="17"/>
        <line num="238" type="stmt" count="17"/>
        <line num="239" type="stmt" count="17"/>
        <line num="242" type="stmt" count="17"/>
        <line num="246" type="stmt" count="17"/>
        <line num="247" type="stmt" count="2"/>
        <line num="248" type="stmt" count="2"/>
        <line num="250" type="stmt" count="17"/>
        <metrics loc="253" ncloc="169" classes="1" methods="9" coveredmethods="9" conditionals="0" coveredconditionals="0" statements="75" coveredstatements="75" elements="84" coveredelements="84"/>
      </file>
      <file name="/var/www/html/packages/Formgenerator/SKien/Formgenerator/FormCKEdit.php">
        <class name="SKien\Formgenerator\FormCKEdit" namespace="SKien\Formgenerator" fullPackage="Formgenerator" package="Formgenerator">
          <metrics complexity="65" methods="29" coveredmethods="27" conditionals="0" coveredconditionals="0" statements="167" coveredstatements="155" elements="196" coveredelements="182"/>
        </class>
        <line num="90" type="method" name="__construct" visibility="public" complexity="1" crap="1" count="10"/>
        <line num="93" type="stmt" count="10"/>
        <line num="94" type="stmt" count="10"/>
        <line num="95" type="stmt" count="10"/>
        <line num="96" type="stmt" count="10"/>
        <line num="102" type="method" name="fromXML" visibility="public" complexity="2" crap="6" count="0"/>
        <line num="104" type="stmt" count="0"/>
        <line num="105" type="stmt" count="0"/>
        <line num="106" type="stmt" count="0"/>
        <line num="107" type="stmt" count="0"/>
        <line num="108" type="stmt" count="0"/>
        <line num="109" type="stmt" count="0"/>
        <line num="110" type="stmt" count="0"/>
        <line num="111" type="stmt" count="0"/>
        <line num="118" type="method" name="readAdditionalXML" visibility="public" complexity="1" crap="2" count="0"/>
        <line num="120" type="stmt" count="0"/>
        <line num="121" type="stmt" count="0"/>
        <line num="122" type="stmt" count="0"/>
        <line num="123" type="stmt" count="0"/>
        <line num="129" type="method" name="setContentsCss" visibility="public" complexity="1" crap="1" count="9"/>
        <line num="131" type="stmt" count="9"/>
        <line num="132" type="stmt" count="9"/>
        <line num="141" type="method" name="setBodyID" visibility="public" complexity="1" crap="1" count="1"/>
        <line num="143" type="stmt" count="1"/>
        <line num="144" type="stmt" count="1"/>
        <line num="155" type="method" name="addCustomButton" visibility="public" complexity="2" crap="2" count="1"/>
        <line num="157" type="stmt" count="1"/>
        <line num="158" type="stmt" count="1"/>
        <line num="160" type="stmt" count="1"/>
        <line num="161" type="stmt" count="1"/>
        <line num="162" type="stmt" count="1"/>
        <line num="163" type="stmt" count="1"/>
        <line num="164" type="stmt" count="1"/>
        <line num="166" type="stmt" count="1"/>
        <line num="172" type="method" name="setAllowedContent" visibility="public" complexity="1" crap="1" count="1"/>
        <line num="174" type="stmt" count="1"/>
        <line num="175" type="stmt" count="1"/>
        <line num="180" type="method" name="setBrowseFolderLinkURL" visibility="public" complexity="1" crap="1" count="1"/>
        <line num="182" type="stmt" count="1"/>
        <line num="183" type="stmt" count="1"/>
        <line num="188" type="method" name="setBrowseFolderImageURL" visibility="public" complexity="1" crap="1" count="1"/>
        <line num="190" type="stmt" count="1"/>
        <line num="191" type="stmt" count="1"/>
        <line num="196" type="method" name="setBrowseFolderImageLinkURL" visibility="public" complexity="1" crap="1" count="1"/>
        <line num="198" type="stmt" count="1"/>
        <line num="199" type="stmt" count="1"/>
        <line num="206" type="method" name="onParentSet" visibility="protected" complexity="6" crap="6" count="10"/>
        <line num="209" type="stmt" count="10"/>
        <line num="210" type="stmt" count="10"/>
        <line num="211" type="stmt" count="10"/>
        <line num="212" type="stmt" count="9"/>
        <line num="215" type="stmt" count="9"/>
        <line num="216" type="stmt" count="1"/>
        <line num="218" type="stmt" count="9"/>
        <line num="220" type="stmt" count="9"/>
        <line num="221" type="stmt" count="9"/>
        <line num="222" type="stmt" count="9"/>
        <line num="223" type="stmt" count="1"/>
        <line num="224" type="stmt" count="1"/>
        <line num="228" type="stmt" count="8"/>
        <line num="229" type="stmt" count="8"/>
        <line num="230" type="stmt" count="8"/>
        <line num="232" type="stmt" count="8"/>
        <line num="233" type="stmt" count="8"/>
        <line num="235" type="stmt" count="8"/>
        <line num="236" type="stmt" count="8"/>
        <line num="237" type="stmt" count="8"/>
        <line num="240" type="stmt" count="8"/>
        <line num="242" type="stmt" count="8"/>
        <line num="250" type="method" name="getBrowseFolder" visibility="protected" complexity="2" crap="2" count="8"/>
        <line num="252" type="stmt" count="8"/>
        <line num="253" type="stmt" count="1"/>
        <line num="255" type="stmt" count="7"/>
        <line num="262" type="method" name="getStyle" visibility="public" complexity="5" crap="5" count="1"/>
        <line num="266" type="stmt" count="1"/>
        <line num="267" type="stmt" count="1"/>
        <line num="268" type="stmt" count="1"/>
        <line num="269" type="stmt" count="1"/>
        <line num="270" type="stmt" count="1"/>
        <line num="271" type="stmt" count="1"/>
        <line num="272" type="stmt" count="1"/>
        <line num="275" type="stmt" count="1"/>
        <line num="276" type="stmt" count="1"/>
        <line num="277" type="stmt" count="1"/>
        <line num="278" type="stmt" count="1"/>
        <line num="279" type="stmt" count="1"/>
        <line num="280" type="stmt" count="1"/>
        <line num="281" type="stmt" count="1"/>
        <line num="282" type="stmt" count="1"/>
        <line num="283" type="stmt" count="1"/>
        <line num="284" type="stmt" count="1"/>
        <line num="285" type="stmt" count="1"/>
        <line num="288" type="stmt" count="1"/>
        <line num="295" type="method" name="setToolbar" visibility="public" complexity="1" crap="1" count="1"/>
        <line num="297" type="stmt" count="1"/>
        <line num="298" type="stmt" count="1"/>
        <line num="304" type="method" name="getToolbar" visibility="public" complexity="1" crap="1" count="1"/>
        <line num="306" type="stmt" count="1"/>
        <line num="313" type="method" name="buildEditorOptions" visibility="protected" complexity="3" crap="3" count="10"/>
        <line num="315" type="stmt" count="10"/>
        <line num="316" type="stmt" count="1"/>
        <line num="319" type="stmt" count="9"/>
        <line num="320" type="stmt" count="9"/>
        <line num="321" type="stmt" count="9"/>
        <line num="322" type="stmt" count="9"/>
        <line num="324" type="stmt" count="9"/>
        <line num="325" type="stmt" count="9"/>
        <line num="326" type="stmt" count="9"/>
        <line num="327" type="stmt" count="9"/>
        <line num="328" type="stmt" count="9"/>
        <line num="331" type="stmt" count="9"/>
        <line num="332" type="stmt" count="9"/>
        <line num="334" type="stmt" count="9"/>
        <line num="341" type="method" name="buildSelectableColors" visibility="protected" complexity="5" crap="5" count="9"/>
        <line num="343" type="stmt" count="9"/>
        <line num="344" type="stmt" count="9"/>
        <line num="345" type="stmt" count="9"/>
        <line num="346" type="stmt" count="9"/>
        <line num="348" type="stmt" count="9"/>
        <line num="349" type="stmt" count="1"/>
        <line num="350" type="stmt" count="1"/>
        <line num="351" type="stmt" count="1"/>
        <line num="352" type="stmt" count="1"/>
        <line num="353" type="stmt" count="1"/>
        <line num="355" type="stmt" count="1"/>
        <line num="356" type="stmt" count="1"/>
        <line num="358" type="stmt" count="9"/>
        <line num="364" type="method" name="buildPlaceholderSelect" visibility="protected" complexity="3" crap="3" count="9"/>
        <line num="366" type="stmt" count="9"/>
        <line num="367" type="stmt" count="9"/>
        <line num="368" type="stmt" count="9"/>
        <line num="370" type="stmt" count="9"/>
        <line num="377" type="method" name="buildToolbarDef" visibility="protected" complexity="1" crap="1" count="9"/>
        <line num="379" type="stmt" count="9"/>
        <line num="380" type="stmt" count="9"/>
        <line num="381" type="stmt" count="9"/>
        <line num="382" type="stmt" count="9"/>
        <line num="383" type="stmt" count="9"/>
        <line num="384" type="stmt" count="9"/>
        <line num="385" type="stmt" count="9"/>
        <line num="386" type="stmt" count="9"/>
        <line num="387" type="stmt" count="9"/>
        <line num="388" type="stmt" count="9"/>
        <line num="389" type="stmt" count="9"/>
        <line num="391" type="stmt" count="9"/>
        <line num="398" type="method" name="addCustomBtns" visibility="protected" complexity="2" crap="2" count="9"/>
        <line num="400" type="stmt" count="9"/>
        <line num="401" type="stmt" count="1"/>
        <line num="403" type="stmt" count="9"/>
        <line num="409" type="method" name="addBasicStyleBtns" visibility="protected" complexity="2" crap="2" count="9"/>
        <line num="411" type="stmt" count="9"/>
        <line num="412" type="stmt" count="9"/>
        <line num="425" type="stmt" count="9"/>
        <line num="431" type="method" name="addParagraphBtns" visibility="protected" complexity="2" crap="2" count="9"/>
        <line num="433" type="stmt" count="9"/>
        <line num="434" type="stmt" count="9"/>
        <line num="449" type="stmt" count="9"/>
        <line num="455" type="method" name="addLinkBtns" visibility="protected" complexity="2" crap="2" count="9"/>
        <line num="457" type="stmt" count="9"/>
        <line num="458" type="stmt" count="9"/>
        <line num="463" type="stmt" count="9"/>
        <line num="474" type="method" name="addInsertBtns" visibility="protected" complexity="7" crap="7" count="9"/>
        <line num="476" type="stmt" count="9"/>
        <line num="477" type="stmt" count="9"/>
        <line num="478" type="stmt" count="9"/>
        <line num="479" type="stmt" count="9"/>
        <line num="481" type="stmt" count="9"/>
        <line num="482" type="stmt" count="1"/>
        <line num="484" type="stmt" count="9"/>
        <line num="485" type="stmt" count="1"/>
        <line num="487" type="stmt" count="9"/>
        <line num="488" type="stmt" count="9"/>
        <line num="490" type="stmt" count="9"/>
        <line num="491" type="stmt" count="9"/>
        <line num="493" type="stmt" count="9"/>
        <line num="495" type="stmt" count="9"/>
        <line num="501" type="method" name="addColorBtns" visibility="protected" complexity="2" crap="2" count="9"/>
        <line num="503" type="stmt" count="9"/>
        <line num="504" type="stmt" count="1"/>
        <line num="506" type="stmt" count="9"/>
        <line num="512" type="method" name="addStyleSelect" visibility="protected" complexity="2" crap="2" count="9"/>
        <line num="514" type="stmt" count="9"/>
        <line num="515" type="stmt" count="9"/>
        <line num="517" type="stmt" count="9"/>
        <line num="523" type="method" name="addTemplateSelect" visibility="protected" complexity="2" crap="2" count="9"/>
        <line num="525" type="stmt" count="9"/>
        <line num="526" type="stmt" count="1"/>
        <line num="528" type="stmt" count="9"/>
        <line num="534" type="method" name="addPlaceholderSelect" visibility="protected" complexity="3" crap="3" count="9"/>
        <line num="536" type="stmt" count="9"/>
        <line num="537" type="stmt" count="9"/>
        <line num="539" type="stmt" count="9"/>
        <line num="545" type="method" name="addSourceBtn" visibility="protected" complexity="2" crap="2" count="9"/>
        <line num="547" type="stmt" count="9"/>
        <line num="548" type="stmt" count="1"/>
        <line num="550" type="stmt" count="9"/>
        <metrics loc="551" ncloc="401" classes="1" methods="29" coveredmethods="27" conditionals="0" coveredconditionals="0" statements="167" coveredstatements="155" elements="196" coveredelements="182"/>
      </file>
      <file name="/var/www/html/packages/Formgenerator/SKien/Formgenerator/FormCanvas.php">
        <class name="SKien\Formgenerator\FormCanvas" namespace="SKien\Formgenerator" fullPackage="Formgenerator" package="Formgenerator">
          <metrics complexity="4" methods="3" coveredmethods="3" conditionals="0" coveredconditionals="0" statements="18" coveredstatements="18" elements="21" coveredelements="21"/>
        </class>
        <line num="25" type="method" name="__construct" visibility="public" complexity="1" crap="1" count="2"/>
        <line num="27" type="stmt" count="2"/>
        <line num="28" type="stmt" count="2"/>
        <line num="31" type="stmt" count="2"/>
        <line num="32" type="stmt" count="2"/>
        <line num="33" type="stmt" count="2"/>
        <line num="40" type="method" name="fromXML" visibility="public" complexity="2" crap="2" count="1"/>
        <line num="43" type="stmt" count="1"/>
        <line num="44" type="stmt" count="1"/>
        <line num="45" type="stmt" count="1"/>
        <line num="46" type="stmt" count="1"/>
        <line num="47" type="stmt" count="1"/>
        <line num="48" type="stmt" count="1"/>
        <line num="56" type="method" name="getHTML" visibility="public" complexity="1" crap="1" count="2"/>
        <line num="58" type="stmt" count="2"/>
        <line num="60" type="stmt" count="2"/>
        <line num="61" type="stmt" count="2"/>
        <line num="62" type="stmt" count="2"/>
        <line num="63" type="stmt" count="2"/>
        <line num="64" type="stmt" count="2"/>
        <line num="66" type="stmt" count="2"/>
        <metrics loc="68" ncloc="43" classes="1" methods="3" coveredmethods="3" conditionals="0" coveredconditionals="0" statements="18" coveredstatements="18" elements="21" coveredelements="21"/>
      </file>
      <file name="/var/www/html/packages/Formgenerator/SKien/Formgenerator/FormCheck.php">
        <class name="SKien\Formgenerator\FormCheck" namespace="SKien\Formgenerator" fullPackage="Formgenerator" package="Formgenerator">
          <metrics complexity="19" methods="9" coveredmethods="9" conditionals="0" coveredconditionals="0" statements="59" coveredstatements="59" elements="68" coveredelements="68"/>
        </class>
        <line num="50" type="method" name="__construct" visibility="public" complexity="2" crap="2" count="14"/>
        <line num="52" type="stmt" count="14"/>
        <line num="53" type="stmt" count="14"/>
        <line num="54" type="stmt" count="14"/>
        <line num="55" type="stmt" count="14"/>
        <line num="56" type="stmt" count="6"/>
        <line num="58" type="stmt" count="14"/>
        <line num="65" type="method" name="fromXML" visibility="public" complexity="2" crap="2" count="1"/>
        <line num="67" type="stmt" count="1"/>
        <line num="68" type="stmt" count="1"/>
        <line num="69" type="stmt" count="1"/>
        <line num="70" type="stmt" count="1"/>
        <line num="71" type="stmt" count="1"/>
        <line num="72" type="stmt" count="1"/>
        <line num="80" type="method" name="readAdditionalXML" visibility="public" complexity="2" crap="2" count="1"/>
        <line num="82" type="stmt" count="1"/>
        <line num="83" type="stmt" count="1"/>
        <line num="84" type="stmt" count="1"/>
        <line num="86" type="stmt" count="1"/>
        <line num="92" type="method" name="setBtnValue" visibility="public" complexity="1" crap="1" count="2"/>
        <line num="94" type="stmt" count="2"/>
        <line num="95" type="stmt" count="2"/>
        <line num="102" type="method" name="getHTML" visibility="public" complexity="3" crap="3" count="14"/>
        <line num="104" type="stmt" count="14"/>
        <line num="105" type="stmt" count="14"/>
        <line num="106" type="stmt" count="14"/>
        <line num="107" type="stmt" count="7"/>
        <line num="110" type="stmt" count="14"/>
        <line num="112" type="stmt" count="14"/>
        <line num="113" type="stmt" count="14"/>
        <line num="114" type="stmt" count="14"/>
        <line num="116" type="stmt" count="14"/>
        <line num="117" type="stmt" count="13"/>
        <line num="120" type="stmt" count="14"/>
        <line num="122" type="stmt" count="14"/>
        <line num="132" type="method" name="getBoolValue" visibility="protected" complexity="3" crap="3" count="14"/>
        <line num="134" type="stmt" count="14"/>
        <line num="135" type="stmt" count="14"/>
        <line num="136" type="stmt" count="14"/>
        <line num="137" type="stmt" count="5"/>
        <line num="139" type="stmt" count="9"/>
        <line num="140" type="stmt" count="4"/>
        <line num="142" type="stmt" count="5"/>
        <line num="143" type="stmt" count="5"/>
        <line num="146" type="stmt" count="14"/>
        <line num="153" type="method" name="buildCheckBox" visibility="protected" complexity="2" crap="2" count="14"/>
        <line num="155" type="stmt" count="14"/>
        <line num="156" type="stmt" count="14"/>
        <line num="157" type="stmt" count="14"/>
        <line num="158" type="stmt" count="14"/>
        <line num="159" type="stmt" count="14"/>
        <line num="160" type="stmt" count="14"/>
        <line num="161" type="stmt" count="8"/>
        <line num="162" type="stmt" count="8"/>
        <line num="164" type="stmt" count="14"/>
        <line num="166" type="stmt" count="14"/>
        <line num="173" type="method" name="buildUncheckedSurrogate" visibility="protected" complexity="1" crap="1" count="14"/>
        <line num="185" type="stmt" count="14"/>
        <line num="187" type="stmt" count="14"/>
        <line num="195" type="method" name="buildReadonlySurrogate" visibility="protected" complexity="3" crap="3" count="14"/>
        <line num="201" type="stmt" count="14"/>
        <line num="202" type="stmt" count="14"/>
        <line num="203" type="stmt" count="6"/>
        <line num="204" type="stmt" count="6"/>
        <line num="205" type="stmt" count="6"/>
        <line num="206" type="stmt" count="6"/>
        <line num="207" type="stmt" count="6"/>
        <line num="209" type="stmt" count="14"/>
        <metrics loc="211" ncloc="128" classes="1" methods="9" coveredmethods="9" conditionals="0" coveredconditionals="0" statements="59" coveredstatements="59" elements="68" coveredelements="68"/>
      </file>
      <file name="/var/www/html/packages/Formgenerator/SKien/Formgenerator/FormCollection.php">
        <class name="SKien\Formgenerator\FormCollection" namespace="SKien\Formgenerator" fullPackage="Formgenerator" package="Formgenerator">
          <metrics complexity="18" methods="10" coveredmethods="10" conditionals="0" coveredconditionals="0" statements="42" coveredstatements="42" elements="52" coveredelements="52"/>
        </class>
        <line num="26" type="method" name="__construct" visibility="public" complexity="1" crap="1" count="132"/>
        <line num="28" type="stmt" count="132"/>
        <line num="29" type="stmt" count="132"/>
        <line num="36" type="method" name="readAdditionalXML" visibility="public" complexity="2" crap="2" count="8"/>
        <line num="38" type="stmt" count="8"/>
        <line num="39" type="stmt" count="8"/>
        <line num="40" type="stmt" count="8"/>
        <line num="41" type="stmt" count="8"/>
        <line num="43" type="stmt" count="8"/>
        <line num="52" type="method" name="add" visibility="public" complexity="1" crap="1" count="168"/>
        <line num="54" type="stmt" count="168"/>
        <line num="55" type="stmt" count="166"/>
        <line num="56" type="stmt" count="166"/>
        <line num="58" type="stmt" count="166"/>
        <line num="71" type="method" name="setColWidth" visibility="public" complexity="1" crap="1" count="12"/>
        <line num="73" type="stmt" count="12"/>
        <line num="74" type="stmt" count="12"/>
        <line num="75" type="stmt" count="12"/>
        <line num="84" type="method" name="getColWidth" visibility="public" complexity="6" crap="6" count="130"/>
        <line num="86" type="stmt" count="130"/>
        <line num="87" type="stmt" count="130"/>
        <line num="88" type="stmt" count="7"/>
        <line num="90" type="stmt" count="130"/>
        <line num="91" type="stmt" count="7"/>
        <line num="92" type="stmt" count="130"/>
        <line num="93" type="stmt" count="119"/>
        <line num="95" type="stmt" count="130"/>
        <line num="106" type="method" name="addDiv" visibility="public" complexity="1" crap="1" count="3"/>
        <line num="108" type="stmt" count="3"/>
        <line num="109" type="stmt" count="3"/>
        <line num="110" type="stmt" count="3"/>
        <line num="112" type="stmt" count="3"/>
        <line num="123" type="method" name="addFieldSet" visibility="public" complexity="1" crap="1" count="5"/>
        <line num="125" type="stmt" count="5"/>
        <line num="126" type="stmt" count="5"/>
        <line num="128" type="stmt" count="5"/>
        <line num="137" type="method" name="addLine" visibility="public" complexity="1" crap="1" count="3"/>
        <line num="139" type="stmt" count="3"/>
        <line num="140" type="stmt" count="3"/>
        <line num="142" type="stmt" count="3"/>
        <line num="150" type="method" name="getHTML" visibility="public" complexity="2" crap="2" count="4"/>
        <line num="152" type="stmt" count="4"/>
        <line num="153" type="stmt" count="4"/>
        <line num="154" type="stmt" count="4"/>
        <line num="155" type="stmt" count="4"/>
        <line num="157" type="stmt" count="4"/>
        <line num="167" type="method" name="getStyle" visibility="public" complexity="2" crap="2" count="1"/>
        <line num="169" type="stmt" count="1"/>
        <line num="170" type="stmt" count="1"/>
        <line num="171" type="stmt" count="1"/>
        <line num="172" type="stmt" count="1"/>
        <line num="174" type="stmt" count="1"/>
        <metrics loc="177" ncloc="111" classes="1" methods="10" coveredmethods="10" conditionals="0" coveredconditionals="0" statements="42" coveredstatements="42" elements="52" coveredelements="52"/>
      </file>
      <file name="/var/www/html/packages/Formgenerator/SKien/Formgenerator/FormColor.php">
        <class name="SKien\Formgenerator\FormColor" namespace="SKien\Formgenerator" fullPackage="Formgenerator" package="Formgenerator">
          <metrics complexity="5" methods="3" coveredmethods="3" conditionals="0" coveredconditionals="0" statements="20" coveredstatements="20" elements="23" coveredelements="23"/>
        </class>
        <line num="36" type="method" name="__construct" visibility="public" complexity="1" crap="1" count="2"/>
        <line num="38" type="stmt" count="2"/>
        <line num="39" type="stmt" count="2"/>
        <line num="40" type="stmt" count="2"/>
        <line num="47" type="method" name="fromXML" visibility="public" complexity="2" crap="2" count="1"/>
        <line num="49" type="stmt" count="1"/>
        <line num="50" type="stmt" count="1"/>
        <line num="51" type="stmt" count="1"/>
        <line num="52" type="stmt" count="1"/>
        <line num="53" type="stmt" count="1"/>
        <line num="54" type="stmt" count="1"/>
        <line num="55" type="stmt" count="1"/>
        <line num="63" type="method" name="onParentSet" visibility="protected" complexity="2" crap="2" count="2"/>
        <line num="71" type="stmt" count="2"/>
        <line num="72" type="stmt" count="2"/>
        <line num="73" type="stmt" count="2"/>
        <line num="74" type="stmt" count="2"/>
        <line num="75" type="stmt" count="2"/>
        <line num="77" type="stmt" count="2"/>
        <line num="78" type="stmt" count="2"/>
        <line num="79" type="stmt" count="1"/>
        <line num="81" type="stmt" count="2"/>
        <line num="82" type="stmt" count="2"/>
        <metrics loc="83" ncloc="44" classes="1" methods="3" coveredmethods="3" conditionals="0" coveredconditionals="0" statements="20" coveredstatements="20" elements="23" coveredelements="23"/>
      </file>
      <file name="/var/www/html/packages/Formgenerator/SKien/Formgenerator/FormCur.php">
        <class name="SKien\Formgenerator\FormCur" namespace="SKien\Formgenerator" fullPackage="Formgenerator" package="Formgenerator">
          <metrics complexity="7" methods="3" coveredmethods="3" conditionals="0" coveredconditionals="0" statements="18" coveredstatements="18" elements="21" coveredelements="21"/>
        </class>
        <line num="25" type="method" name="__construct" visibility="public" complexity="1" crap="1" count="6"/>
        <line num="27" type="stmt" count="6"/>
        <line num="28" type="stmt" count="6"/>
        <line num="35" type="method" name="fromXML" visibility="public" complexity="2" crap="2" count="1"/>
        <line num="37" type="stmt" count="1"/>
        <line num="38" type="stmt" count="1"/>
        <line num="39" type="stmt" count="1"/>
        <line num="40" type="stmt" count="1"/>
        <line num="41" type="stmt" count="1"/>
        <line num="42" type="stmt" count="1"/>
        <line num="43" type="stmt" count="1"/>
        <line num="50" type="method" name="onParentSet" visibility="protected" complexity="4" crap="4" count="6"/>
        <line num="52" type="stmt" count="6"/>
        <line num="54" type="stmt" count="6"/>
        <line num="56" type="stmt" count="6"/>
        <line num="57" type="stmt" count="6"/>
        <line num="59" type="stmt" count="6"/>
        <line num="60" type="stmt" count="6"/>
        <line num="62" type="stmt" count="6"/>
        <line num="63" type="stmt" count="2"/>
        <line num="65" type="stmt" count="6"/>
        <metrics loc="66" ncloc="44" classes="1" methods="3" coveredmethods="3" conditionals="0" coveredconditionals="0" statements="18" coveredstatements="18" elements="21" coveredelements="21"/>
      </file>
      <file name="/var/www/html/packages/Formgenerator/SKien/Formgenerator/FormDate.php">
        <class name="SKien\Formgenerator\FormDate" namespace="SKien\Formgenerator" fullPackage="Formgenerator" package="Formgenerator">
          <metrics complexity="21" methods="5" coveredmethods="5" conditionals="0" coveredconditionals="0" statements="47" coveredstatements="47" elements="52" coveredelements="52"/>
        </class>
        <line num="31" type="method" name="__construct" visibility="public" complexity="1" crap="1" count="8"/>
        <line num="33" type="stmt" count="8"/>
        <line num="34" type="stmt" count="8"/>
        <line num="41" type="method" name="fromXML" visibility="public" complexity="2" crap="2" count="1"/>
        <line num="43" type="stmt" count="1"/>
        <line num="44" type="stmt" count="1"/>
        <line num="45" type="stmt" count="1"/>
        <line num="46" type="stmt" count="1"/>
        <line num="47" type="stmt" count="1"/>
        <line num="48" type="stmt" count="1"/>
        <line num="56" type="method" name="onParentSet" visibility="protected" complexity="3" crap="3" count="8"/>
        <line num="58" type="stmt" count="8"/>
        <line num="59" type="stmt" count="8"/>
        <line num="66" type="stmt" count="1"/>
        <line num="67" type="stmt" count="1"/>
        <line num="68" type="stmt" count="1"/>
        <line num="70" type="stmt" count="7"/>
        <line num="71" type="stmt" count="7"/>
        <line num="72" type="stmt" count="7"/>
        <line num="73" type="stmt" count="7"/>
        <line num="74" type="stmt" count="7"/>
        <line num="75" type="stmt" count="4"/>
        <line num="77" type="stmt" count="7"/>
        <line num="78" type="stmt" count="7"/>
        <line num="79" type="stmt" count="7"/>
        <line num="94" type="method" name="buildValue" visibility="protected" complexity="11" crap="11" count="8"/>
        <line num="96" type="stmt" count="8"/>
        <line num="98" type="stmt" count="8"/>
        <line num="99" type="stmt" count="8"/>
        <line num="101" type="stmt" count="1"/>
        <line num="102" type="stmt" count="7"/>
        <line num="103" type="stmt" count="2"/>
        <line num="104" type="stmt" count="5"/>
        <line num="105" type="stmt" count="5"/>
        <line num="106" type="stmt" count="5"/>
        <line num="107" type="stmt" count="2"/>
        <line num="111" type="stmt" count="8"/>
        <line num="112" type="stmt" count="8"/>
        <line num="113" type="stmt" count="7"/>
        <line num="115" type="stmt" count="8"/>
        <line num="123" type="method" name="addPicker" visibility="protected" complexity="4" crap="4" count="7"/>
        <line num="125" type="stmt" count="7"/>
        <line num="126" type="stmt" count="1"/>
        <line num="127" type="stmt" count="1"/>
        <line num="128" type="stmt" count="1"/>
        <line num="129" type="stmt" count="1"/>
        <line num="130" type="stmt" count="1"/>
        <line num="132" type="stmt" count="1"/>
        <line num="133" type="stmt" count="1"/>
        <line num="134" type="stmt" count="1"/>
        <line num="135" type="stmt" count="1"/>
        <line num="138" type="stmt" count="7"/>
        <metrics loc="139" ncloc="89" classes="1" methods="5" coveredmethods="5" conditionals="0" coveredconditionals="0" statements="47" coveredstatements="47" elements="52" coveredelements="52"/>
      </file>
      <file name="/var/www/html/packages/Formgenerator/SKien/Formgenerator/FormDiv.php">
        <class name="SKien\Formgenerator\FormDiv" namespace="SKien\Formgenerator" fullPackage="Formgenerator" package="Formgenerator">
          <metrics complexity="11" methods="3" coveredmethods="3" conditionals="0" coveredconditionals="0" statements="40" coveredstatements="40" elements="43" coveredelements="43"/>
        </class>
        <line num="40" type="method" name="__construct" visibility="public" complexity="6" crap="6" count="4"/>
        <line num="42" type="stmt" count="4"/>
        <line num="43" type="stmt" count="4"/>
        <line num="44" type="stmt" count="4"/>
        <line num="45" type="stmt" count="4"/>
        <line num="46" type="stmt" count="4"/>
        <line num="48" type="stmt" count="4"/>
        <line num="49" type="stmt" count="4"/>
        <line num="50" type="stmt" count="3"/>
        <line num="51" type="stmt" count="3"/>
        <line num="52" type="stmt" count="3"/>
        <line num="53" type="stmt" count="3"/>
        <line num="54" type="stmt" count="3"/>
        <line num="55" type="stmt" count="3"/>
        <line num="56" type="stmt" count="3"/>
        <line num="57" type="stmt" count="3"/>
        <line num="58" type="stmt" count="1"/>
        <line num="60" type="stmt" count="1"/>
        <line num="62" type="stmt" count="4"/>
        <line num="69" type="method" name="fromXML" visibility="public" complexity="3" crap="3" count="2"/>
        <line num="71" type="stmt" count="2"/>
        <line num="72" type="stmt" count="2"/>
        <line num="73" type="stmt" count="2"/>
        <line num="74" type="stmt" count="2"/>
        <line num="75" type="stmt" count="1"/>
        <line num="77" type="stmt" count="1"/>
        <line num="79" type="stmt" count="1"/>
        <line num="80" type="stmt" count="1"/>
        <line num="81" type="stmt" count="1"/>
        <line num="82" type="stmt" count="1"/>
        <line num="84" type="stmt" count="1"/>
        <line num="91" type="method" name="getHTML" visibility="public" complexity="2" crap="2" count="3"/>
        <line num="93" type="stmt" count="3"/>
        <line num="94" type="stmt" count="3"/>
        <line num="95" type="stmt" count="3"/>
        <line num="96" type="stmt" count="3"/>
        <line num="97" type="stmt" count="3"/>
        <line num="98" type="stmt" count="3"/>
        <line num="99" type="stmt" count="3"/>
        <line num="100" type="stmt" count="3"/>
        <line num="101" type="stmt" count="2"/>
        <line num="103" type="stmt" count="3"/>
        <line num="104" type="stmt" count="3"/>
        <metrics loc="107" ncloc="78" classes="1" methods="3" coveredmethods="3" conditionals="0" coveredconditionals="0" statements="40" coveredstatements="40" elements="43" coveredelements="43"/>
      </file>
      <file name="/var/www/html/packages/Formgenerator/SKien/Formgenerator/FormElement.php">
        <class name="SKien\Formgenerator\FormElement" namespace="SKien\Formgenerator" fullPackage="Formgenerator" package="Formgenerator">
          <metrics complexity="59" methods="24" coveredmethods="24" conditionals="0" coveredconditionals="0" statements="100" coveredstatements="100" elements="124" coveredelements="124"/>
        </class>
        <line num="43" type="method" name="__construct" visibility="public" complexity="1" crap="1" count="168"/>
        <line num="45" type="stmt" count="168"/>
        <line num="46" type="stmt" count="168"/>
        <line num="72" type="method" name="readAdditionalXML" visibility="public" complexity="4" crap="4" count="8"/>
        <line num="74" type="stmt" count="8"/>
        <line num="75" type="stmt" count="4"/>
        <line num="77" type="stmt" count="8"/>
        <line num="78" type="stmt" count="1"/>
        <line num="80" type="stmt" count="8"/>
        <line num="81" type="stmt" count="1"/>
        <line num="83" type="stmt" count="8"/>
        <line num="84" type="stmt" count="8"/>
        <line num="91" type="method" name="getFG" visibility="public" complexity="2" crap="2" count="1"/>
        <line num="93" type="stmt" count="1"/>
        <line num="103" type="method" name="setParent" visibility="public" complexity="1" crap="1" count="168"/>
        <line num="105" type="stmt" count="168"/>
        <line num="106" type="stmt" count="168"/>
        <line num="107" type="stmt" count="168"/>
        <line num="108" type="stmt" count="168"/>
        <line num="109" type="stmt" count="166"/>
        <line num="118" type="method" name="setCol" visibility="public" complexity="1" crap="1" count="120"/>
        <line num="120" type="stmt" count="120"/>
        <line num="121" type="stmt" count="120"/>
        <line num="127" type="method" name="setID" visibility="public" complexity="1" crap="1" count="7"/>
        <line num="129" type="stmt" count="7"/>
        <line num="130" type="stmt" count="7"/>
        <line num="136" type="method" name="setTitle" visibility="public" complexity="2" crap="2" count="2"/>
        <line num="138" type="stmt" count="2"/>
        <line num="139" type="stmt" count="2"/>
        <line num="141" type="stmt" count="2"/>
        <line num="150" type="method" name="setTabindex" visibility="public" complexity="1" crap="1" count="133"/>
        <line num="152" type="stmt" count="133"/>
        <line num="159" type="method" name="addFlags" visibility="public" complexity="1" crap="1" count="168"/>
        <line num="161" type="stmt" count="168"/>
        <line num="162" type="stmt" count="168"/>
        <line num="171" type="method" name="addAttribute" visibility="public" complexity="5" crap="5" count="93"/>
        <line num="173" type="stmt" count="93"/>
        <line num="174" type="stmt" count="4"/>
        <line num="176" type="stmt" count="93"/>
        <line num="177" type="stmt" count="93"/>
        <line num="178" type="stmt" count="91"/>
        <line num="180" type="stmt" count="93"/>
        <line num="182" type="stmt" count="1"/>
        <line num="184" type="stmt" count="92"/>
        <line num="185" type="stmt" count="92"/>
        <line num="193" type="method" name="addStyle" visibility="public" complexity="2" crap="2" count="67"/>
        <line num="195" type="stmt" count="67"/>
        <line num="196" type="stmt" count="67"/>
        <line num="197" type="stmt" count="66"/>
        <line num="199" type="stmt" count="67"/>
        <line num="200" type="stmt" count="67"/>
        <line num="207" type="method" name="setClass" visibility="public" complexity="1" crap="1" count="3"/>
        <line num="209" type="stmt" count="3"/>
        <line num="210" type="stmt" count="3"/>
        <line num="217" type="method" name="addClass" visibility="public" complexity="2" crap="2" count="2"/>
        <line num="219" type="stmt" count="2"/>
        <line num="220" type="stmt" count="1"/>
        <line num="222" type="stmt" count="2"/>
        <line num="223" type="stmt" count="2"/>
        <line num="233" type="method" name="getStyle" visibility="public" complexity="1" crap="1" count="1"/>
        <line num="235" type="stmt" count="1"/>
        <line num="249" type="method" name="onParentSet" visibility="protected" complexity="1" crap="1" count="150"/>
        <line num="251" type="stmt" count="150"/>
        <line num="259" type="method" name="buildContainerDiv" visibility="protected" complexity="4" crap="4" count="112"/>
        <line num="261" type="stmt" count="112"/>
        <line num="262" type="stmt" count="112"/>
        <line num="264" type="stmt" count="112"/>
        <line num="265" type="stmt" count="112"/>
        <line num="266" type="stmt" count="5"/>
        <line num="267" type="stmt" count="5"/>
        <line num="269" type="stmt" count="112"/>
        <line num="271" type="stmt" count="112"/>
        <line num="278" type="method" name="buildStyle" visibility="protected" complexity="3" crap="3" count="143"/>
        <line num="280" type="stmt" count="143"/>
        <line num="281" type="stmt" count="143"/>
        <line num="282" type="stmt" count="58"/>
        <line num="283" type="stmt" count="58"/>
        <line num="284" type="stmt" count="58"/>
        <line num="286" type="stmt" count="58"/>
        <line num="288" type="stmt" count="143"/>
        <line num="295" type="method" name="buildAttributes" visibility="protected" complexity="4" crap="4" count="130"/>
        <line num="297" type="stmt" count="130"/>
        <line num="298" type="stmt" count="130"/>
        <line num="299" type="stmt" count="91"/>
        <line num="300" type="stmt" count="91"/>
        <line num="301" type="stmt" count="91"/>
        <line num="302" type="stmt" count="73"/>
        <line num="306" type="stmt" count="130"/>
        <line num="314" type="method" name="buildValue" visibility="protected" complexity="5" crap="5" count="23"/>
        <line num="316" type="stmt" count="23"/>
        <line num="317" type="stmt" count="23"/>
        <line num="319" type="stmt" count="23"/>
        <line num="320" type="stmt" count="1"/>
        <line num="322" type="stmt" count="23"/>
        <line num="323" type="stmt" count="23"/>
        <line num="325" type="stmt" count="23"/>
        <line num="332" type="method" name="buildClass" visibility="protected" complexity="2" crap="2" count="92"/>
        <line num="334" type="stmt" count="92"/>
        <line num="335" type="stmt" count="92"/>
        <line num="336" type="stmt" count="69"/>
        <line num="338" type="stmt" count="92"/>
        <line num="345" type="method" name="buildID" visibility="protected" complexity="2" crap="2" count="102"/>
        <line num="347" type="stmt" count="102"/>
        <line num="348" type="stmt" count="102"/>
        <line num="349" type="stmt" count="76"/>
        <line num="351" type="stmt" count="102"/>
        <line num="358" type="method" name="buildTabindex" visibility="protected" complexity="2" crap="2" count="86"/>
        <line num="360" type="stmt" count="86"/>
        <line num="361" type="stmt" count="86"/>
        <line num="362" type="stmt" count="77"/>
        <line num="364" type="stmt" count="86"/>
        <line num="371" type="method" name="parseStyle" visibility="protected" complexity="4" crap="4" count="3"/>
        <line num="373" type="stmt" count="3"/>
        <line num="374" type="stmt" count="3"/>
        <line num="376" type="stmt" count="3"/>
        <line num="377" type="stmt" count="3"/>
        <line num="378" type="stmt" count="3"/>
        <line num="379" type="stmt" count="3"/>
        <line num="380" type="stmt" count="3"/>
        <line num="381" type="stmt" count="3"/>
        <line num="382" type="stmt" count="3"/>
        <line num="385" type="stmt" count="3"/>
        <line num="392" type="method" name="getAttribute" visibility="protected" complexity="4" crap="4" count="5"/>
        <line num="394" type="stmt" count="5"/>
        <metrics loc="397" ncloc="261" classes="1" methods="24" coveredmethods="24" conditionals="0" coveredconditionals="0" statements="100" coveredstatements="100" elements="124" coveredelements="124"/>
      </file>
      <file name="/var/www/html/packages/Formgenerator/SKien/Formgenerator/FormFieldSet.php">
        <class name="SKien\Formgenerator\FormFieldSet" namespace="SKien\Formgenerator" fullPackage="Formgenerator" package="Formgenerator">
          <metrics complexity="12" methods="5" coveredmethods="5" conditionals="0" coveredconditionals="0" statements="41" coveredstatements="41" elements="46" coveredelements="46"/>
        </class>
        <line num="35" type="method" name="__construct" visibility="public" complexity="1" crap="1" count="9"/>
        <line num="37" type="stmt" count="9"/>
        <line num="38" type="stmt" count="9"/>
        <line num="39" type="stmt" count="9"/>
        <line num="40" type="stmt" count="9"/>
        <line num="41" type="stmt" count="9"/>
        <line num="42" type="stmt" count="9"/>
        <line num="49" type="method" name="fromXML" visibility="public" complexity="3" crap="3" count="5"/>
        <line num="51" type="stmt" count="5"/>
        <line num="52" type="stmt" count="5"/>
        <line num="53" type="stmt" count="5"/>
        <line num="54" type="stmt" count="5"/>
        <line num="55" type="stmt" count="5"/>
        <line num="56" type="stmt" count="4"/>
        <line num="58" type="stmt" count="1"/>
        <line num="60" type="stmt" count="4"/>
        <line num="61" type="stmt" count="4"/>
        <line num="62" type="stmt" count="4"/>
        <line num="64" type="stmt" count="4"/>
        <line num="72" type="method" name="readAdditionalXML" visibility="public" complexity="2" crap="2" count="4"/>
        <line num="74" type="stmt" count="4"/>
        <line num="75" type="stmt" count="4"/>
        <line num="76" type="stmt" count="1"/>
        <line num="78" type="stmt" count="4"/>
        <line num="85" type="method" name="setImageHeight" visibility="public" complexity="1" crap="1" count="2"/>
        <line num="87" type="stmt" count="2"/>
        <line num="88" type="stmt" count="2"/>
        <line num="95" type="method" name="getHTML" visibility="public" complexity="5" crap="5" count="4"/>
        <line num="97" type="stmt" count="4"/>
        <line num="98" type="stmt" count="4"/>
        <line num="99" type="stmt" count="4"/>
        <line num="100" type="stmt" count="4"/>
        <line num="101" type="stmt" count="4"/>
        <line num="102" type="stmt" count="4"/>
        <line num="103" type="stmt" count="4"/>
        <line num="104" type="stmt" count="3"/>
        <line num="105" type="stmt" count="3"/>
        <line num="106" type="stmt" count="2"/>
        <line num="109" type="stmt" count="1"/>
        <line num="110" type="stmt" count="1"/>
        <line num="112" type="stmt" count="3"/>
        <line num="114" type="stmt" count="4"/>
        <line num="115" type="stmt" count="4"/>
        <line num="116" type="stmt" count="3"/>
        <line num="118" type="stmt" count="4"/>
        <line num="119" type="stmt" count="4"/>
        <metrics loc="121" ncloc="86" classes="1" methods="5" coveredmethods="5" conditionals="0" coveredconditionals="0" statements="41" coveredstatements="41" elements="46" coveredelements="46"/>
      </file>
      <file name="/var/www/html/packages/Formgenerator/SKien/Formgenerator/FormFlags.php">
        <class name="SKien\Formgenerator\FormFlags" namespace="SKien\Formgenerator" fullPackage="Formgenerator" package="Formgenerator">
          <metrics complexity="6" methods="6" coveredmethods="6" conditionals="0" coveredconditionals="0" statements="10" coveredstatements="10" elements="16" coveredelements="16"/>
        </class>
        <line num="75" type="method" name="__construct" visibility="public" complexity="1" crap="1" count="188"/>
        <line num="77" type="stmt" count="188"/>
        <line num="78" type="stmt" count="188"/>
        <line num="85" type="method" name="getFlags" visibility="public" complexity="1" crap="1" count="169"/>
        <line num="87" type="stmt" count="169"/>
        <line num="95" type="method" name="add" visibility="public" complexity="1" crap="1" count="169"/>
        <line num="97" type="stmt" count="169"/>
        <line num="98" type="stmt" count="169"/>
        <line num="105" type="method" name="remove" visibility="public" complexity="1" crap="1" count="1"/>
        <line num="107" type="stmt" count="1"/>
        <line num="108" type="stmt" count="1"/>
        <line num="116" type="method" name="isSet" visibility="public" complexity="1" crap="1" count="154"/>
        <line num="118" type="stmt" count="154"/>
        <line num="126" type="method" name="getButtonFlags" visibility="public" complexity="1" crap="1" count="58"/>
        <line num="128" type="stmt" count="58"/>
        <line num="129" type="stmt" count="58"/>
        <metrics loc="132" ncloc="75" classes="1" methods="6" coveredmethods="6" conditionals="0" coveredconditionals="0" statements="10" coveredstatements="10" elements="16" coveredelements="16"/>
      </file>
      <file name="/var/www/html/packages/Formgenerator/SKien/Formgenerator/FormFloat.php">
        <class name="SKien\Formgenerator\FormFloat" namespace="SKien\Formgenerator" fullPackage="Formgenerator" package="Formgenerator">
          <metrics complexity="11" methods="4" coveredmethods="4" conditionals="0" coveredconditionals="0" statements="25" coveredstatements="25" elements="29" coveredelements="29"/>
        </class>
        <line num="34" type="method" name="__construct" visibility="public" complexity="1" crap="1" count="11"/>
        <line num="36" type="stmt" count="11"/>
        <line num="37" type="stmt" count="11"/>
        <line num="38" type="stmt" count="11"/>
        <line num="45" type="method" name="fromXML" visibility="public" complexity="2" crap="2" count="1"/>
        <line num="47" type="stmt" count="1"/>
        <line num="48" type="stmt" count="1"/>
        <line num="49" type="stmt" count="1"/>
        <line num="50" type="stmt" count="1"/>
        <line num="51" type="stmt" count="1"/>
        <line num="52" type="stmt" count="1"/>
        <line num="53" type="stmt" count="1"/>
        <line num="54" type="stmt" count="1"/>
        <line num="62" type="method" name="onParentSet" visibility="protected" complexity="5" crap="5" count="11"/>
        <line num="64" type="stmt" count="11"/>
        <line num="65" type="stmt" count="11"/>
        <line num="68" type="stmt" count="11"/>
        <line num="70" type="stmt" count="11"/>
        <line num="71" type="stmt" count="11"/>
        <line num="73" type="stmt" count="11"/>
        <line num="74" type="stmt" count="11"/>
        <line num="75" type="stmt" count="11"/>
        <line num="81" type="method" name="buildValue" visibility="protected" complexity="3" crap="3" count="11"/>
        <line num="83" type="stmt" count="11"/>
        <line num="85" type="stmt" count="11"/>
        <line num="86" type="stmt" count="2"/>
        <line num="89" type="stmt" count="9"/>
        <line num="90" type="stmt" count="9"/>
        <line num="92" type="stmt" count="9"/>
        <metrics loc="94" ncloc="64" classes="1" methods="4" coveredmethods="4" conditionals="0" coveredconditionals="0" statements="25" coveredstatements="25" elements="29" coveredelements="29"/>
      </file>
      <file name="/var/www/html/packages/Formgenerator/SKien/Formgenerator/FormGenerator.php">
        <class name="SKien\Formgenerator\FormGenerator" namespace="SKien\Formgenerator" fullPackage="Formgenerator" package="Formgenerator">
          <metrics complexity="37" methods="23" coveredmethods="23" conditionals="0" coveredconditionals="0" statements="92" coveredstatements="92" elements="115" coveredelements="115"/>
        </class>
        <line num="56" type="method" name="__construct" visibility="public" complexity="3" crap="3" count="188"/>
        <line num="58" type="stmt" count="188"/>
        <line num="59" type="stmt" count="188"/>
        <line num="60" type="stmt" count="188"/>
        <line num="61" type="stmt" count="188"/>
        <line num="62" type="stmt" count="188"/>
        <line num="63" type="stmt" count="188"/>
        <line num="64" type="stmt" count="188"/>
        <line num="65" type="stmt" count="188"/>
        <line num="66" type="stmt" count="188"/>
        <line num="67" type="stmt" count="188"/>
        <line num="69" type="stmt" count="188"/>
        <line num="70" type="stmt" count="188"/>
        <line num="88" type="method" name="getData" visibility="public" complexity="1" crap="1" count="101"/>
        <line num="90" type="stmt" count="101"/>
        <line num="97" type="method" name="getConfig" visibility="public" complexity="1" crap="1" count="76"/>
        <line num="99" type="stmt" count="76"/>
        <line num="106" type="method" name="setData" visibility="public" complexity="1" crap="1" count="3"/>
        <line num="108" type="stmt" count="3"/>
        <line num="109" type="stmt" count="3"/>
        <line num="115" type="method" name="setConfig" visibility="public" complexity="1" crap="1" count="112"/>
        <line num="117" type="stmt" count="112"/>
        <line num="118" type="stmt" count="112"/>
        <line num="125" type="method" name="setAction" visibility="public" complexity="1" crap="1" count="1"/>
        <line num="127" type="stmt" count="1"/>
        <line num="128" type="stmt" count="1"/>
        <line num="134" type="method" name="setImagePath" visibility="public" complexity="1" crap="1" count="1"/>
        <line num="136" type="stmt" count="1"/>
        <line num="137" type="stmt" count="1"/>
        <line num="145" type="method" name="getImagePath" visibility="public" complexity="2" crap="2" count="14"/>
        <line num="147" type="stmt" count="14"/>
        <line num="148" type="stmt" count="13"/>
        <line num="149" type="stmt" count="13"/>
        <line num="150" type="stmt" count="13"/>
        <line num="152" type="stmt" count="14"/>
        <line num="161" type="method" name="getStdImage" visibility="public" complexity="2" crap="2" count="13"/>
        <line num="164" type="stmt" count="13"/>
        <line num="172" type="stmt" count="13"/>
        <line num="173" type="stmt" count="13"/>
        <line num="174" type="stmt" count="13"/>
        <line num="175" type="stmt" count="13"/>
        <line num="176" type="stmt" count="13"/>
        <line num="177" type="stmt" count="13"/>
        <line num="178" type="stmt" count="13"/>
        <line num="181" type="stmt" count="13"/>
        <line num="189" type="method" name="getGlobalFlags" visibility="public" complexity="1" crap="1" count="169"/>
        <line num="191" type="stmt" count="169"/>
        <line num="198" type="method" name="setTarget" visibility="public" complexity="1" crap="1" count="1"/>
        <line num="200" type="stmt" count="1"/>
        <line num="201" type="stmt" count="1"/>
        <line num="207" type="method" name="setFormWidth" visibility="public" complexity="1" crap="1" count="1"/>
        <line num="209" type="stmt" count="1"/>
        <line num="210" type="stmt" count="1"/>
        <line num="218" type="method" name="setReadOnly" visibility="public" complexity="2" crap="2" count="3"/>
        <line num="220" type="stmt" count="3"/>
        <line num="221" type="stmt" count="3"/>
        <line num="222" type="stmt" count="3"/>
        <line num="224" type="stmt" count="1"/>
        <line num="226" type="stmt" count="3"/>
        <line num="236" type="method" name="adjustColHeight" visibility="public" complexity="1" crap="1" count="1"/>
        <line num="238" type="stmt" count="1"/>
        <line num="239" type="stmt" count="1"/>
        <line num="240" type="stmt" count="1"/>
        <line num="241" type="stmt" count="1"/>
        <line num="249" type="method" name="setDebugMode" visibility="public" complexity="1" crap="1" count="1"/>
        <line num="254" type="stmt" count="1"/>
        <line num="255" type="stmt" count="1"/>
        <line num="261" type="method" name="getDebugMode" visibility="public" complexity="1" crap="1" count="3"/>
        <line num="263" type="stmt" count="3"/>
        <line num="274" type="method" name="setDialog" visibility="public" complexity="1" crap="1" count="1"/>
        <line num="276" type="stmt" count="1"/>
        <line num="277" type="stmt" count="1"/>
        <line num="284" type="method" name="isDialog" visibility="public" complexity="1" crap="1" count="1"/>
        <line num="286" type="stmt" count="1"/>
        <line num="294" type="method" name="addElement" visibility="public" complexity="1" crap="1" count="166"/>
        <line num="296" type="stmt" count="166"/>
        <line num="297" type="stmt" count="166"/>
        <line num="305" type="method" name="addConfigForJS" visibility="public" complexity="1" crap="1" count="15"/>
        <line num="307" type="stmt" count="15"/>
        <line num="308" type="stmt" count="15"/>
        <line num="314" type="method" name="getForm" visibility="public" complexity="6" crap="6" count="8"/>
        <line num="316" type="stmt" count="8"/>
        <line num="318" type="stmt" count="8"/>
        <line num="319" type="stmt" count="8"/>
        <line num="320" type="stmt" count="8"/>
        <line num="321" type="stmt" count="8"/>
        <line num="323" type="stmt" count="8"/>
        <line num="324" type="stmt" count="1"/>
        <line num="326" type="stmt" count="8"/>
        <line num="327" type="stmt" count="1"/>
        <line num="328" type="stmt" count="1"/>
        <line num="331" type="stmt" count="8"/>
        <line num="332" type="stmt" count="8"/>
        <line num="333" type="stmt" count="8"/>
        <line num="334" type="stmt" count="8"/>
        <line num="335" type="stmt" count="8"/>
        <line num="336" type="stmt" count="6"/>
        <line num="339" type="stmt" count="8"/>
        <line num="340" type="stmt" count="8"/>
        <line num="342" type="stmt" count="8"/>
        <line num="351" type="method" name="getScript" visibility="public" complexity="1" crap="1" count="1"/>
        <line num="354" type="stmt" count="1"/>
        <line num="355" type="stmt" count="1"/>
        <line num="356" type="stmt" count="1"/>
        <line num="357" type="stmt" count="1"/>
        <line num="359" type="stmt" count="1"/>
        <line num="360" type="stmt" count="1"/>
        <line num="369" type="method" name="getStyle" visibility="public" complexity="3" crap="3" count="3"/>
        <line num="371" type="stmt" count="3"/>
        <line num="372" type="stmt" count="3"/>
        <line num="373" type="stmt" count="1"/>
        <line num="375" type="stmt" count="3"/>
        <line num="376" type="stmt" count="3"/>
        <line num="377" type="stmt" count="2"/>
        <line num="379" type="stmt" count="3"/>
        <metrics loc="381" ncloc="251" classes="1" methods="23" coveredmethods="23" conditionals="0" coveredconditionals="0" statements="92" coveredstatements="92" elements="115" coveredelements="115"/>
      </file>
      <file name="/var/www/html/packages/Formgenerator/SKien/Formgenerator/FormHeader.php">
        <class name="SKien\Formgenerator\FormHeader" namespace="SKien\Formgenerator" fullPackage="Formgenerator" package="Formgenerator">
          <metrics complexity="4" methods="3" coveredmethods="3" conditionals="0" coveredconditionals="0" statements="12" coveredstatements="12" elements="15" coveredelements="15"/>
        </class>
        <line num="25" type="method" name="__construct" visibility="public" complexity="1" crap="1" count="2"/>
        <line num="27" type="stmt" count="2"/>
        <line num="28" type="stmt" count="2"/>
        <line num="29" type="stmt" count="2"/>
        <line num="30" type="stmt" count="2"/>
        <line num="37" type="method" name="fromXML" visibility="public" complexity="2" crap="2" count="1"/>
        <line num="39" type="stmt" count="1"/>
        <line num="40" type="stmt" count="1"/>
        <line num="41" type="stmt" count="1"/>
        <line num="42" type="stmt" count="1"/>
        <line num="43" type="stmt" count="1"/>
        <line num="45" type="stmt" count="1"/>
        <line num="53" type="method" name="getHTML" visibility="public" complexity="1" crap="1" count="2"/>
        <line num="55" type="stmt" count="2"/>
        <line num="56" type="stmt" count="2"/>
        <metrics loc="58" ncloc="38" classes="1" methods="3" coveredmethods="3" conditionals="0" coveredconditionals="0" statements="12" coveredstatements="12" elements="15" coveredelements="15"/>
      </file>
      <file name="/var/www/html/packages/Formgenerator/SKien/Formgenerator/FormImage.php">
        <class name="SKien\Formgenerator\FormImage" namespace="SKien\Formgenerator" fullPackage="Formgenerator" package="Formgenerator">
          <metrics complexity="21" methods="7" coveredmethods="7" conditionals="0" coveredconditionals="0" statements="60" coveredstatements="60" elements="67" coveredelements="67"/>
        </class>
        <line num="60" type="method" name="__construct" visibility="public" complexity="2" crap="2" count="14"/>
        <line num="62" type="stmt" count="14"/>
        <line num="63" type="stmt" count="14"/>
        <line num="64" type="stmt" count="14"/>
        <line num="65" type="stmt" count="14"/>
        <line num="67" type="stmt" count="14"/>
        <line num="68" type="stmt" count="1"/>
        <line num="70" type="stmt" count="14"/>
        <line num="77" type="method" name="fromXML" visibility="public" complexity="3" crap="3" count="1"/>
        <line num="79" type="stmt" count="1"/>
        <line num="80" type="stmt" count="1"/>
        <line num="81" type="stmt" count="1"/>
        <line num="82" type="stmt" count="1"/>
        <line num="83" type="stmt" count="1"/>
        <line num="85" type="stmt" count="1"/>
        <line num="86" type="stmt" count="1"/>
        <line num="87" type="stmt" count="1"/>
        <line num="88" type="stmt" count="1"/>
        <line num="89" type="stmt" count="1"/>
        <line num="97" type="method" name="readAdditionalXML" visibility="public" complexity="3" crap="3" count="1"/>
        <line num="99" type="stmt" count="1"/>
        <line num="100" type="stmt" count="1"/>
        <line num="101" type="stmt" count="1"/>
        <line num="103" type="stmt" count="1"/>
        <line num="104" type="stmt" count="1"/>
        <line num="106" type="stmt" count="1"/>
        <line num="112" type="method" name="bindTo" visibility="public" complexity="1" crap="1" count="2"/>
        <line num="114" type="stmt" count="2"/>
        <line num="115" type="stmt" count="2"/>
        <line num="121" type="method" name="setDefault" visibility="public" complexity="1" crap="1" count="2"/>
        <line num="123" type="stmt" count="2"/>
        <line num="124" type="stmt" count="2"/>
        <line num="131" type="method" name="getHTML" visibility="public" complexity="5" crap="5" count="14"/>
        <line num="133" type="stmt" count="14"/>
        <line num="134" type="stmt" count="14"/>
        <line num="136" type="stmt" count="14"/>
        <line num="137" type="stmt" count="14"/>
        <line num="138" type="stmt" count="1"/>
        <line num="139" type="stmt" count="13"/>
        <line num="140" type="stmt" count="1"/>
        <line num="142" type="stmt" count="14"/>
        <line num="144" type="stmt" count="14"/>
        <line num="145" type="stmt" count="14"/>
        <line num="146" type="stmt" count="14"/>
        <line num="147" type="stmt" count="14"/>
        <line num="148" type="stmt" count="14"/>
        <line num="150" type="stmt" count="14"/>
        <line num="151" type="stmt" count="14"/>
        <line num="152" type="stmt" count="14"/>
        <line num="153" type="stmt" count="14"/>
        <line num="154" type="stmt" count="14"/>
        <line num="156" type="stmt" count="14"/>
        <line num="167" type="method" name="getImg" visibility="protected" complexity="6" crap="6" count="14"/>
        <line num="169" type="stmt" count="14"/>
        <line num="170" type="stmt" count="14"/>
        <line num="171" type="stmt" count="2"/>
        <line num="174" type="stmt" count="14"/>
        <line num="175" type="stmt" count="2"/>
        <line num="176" type="stmt" count="2"/>
        <line num="177" type="stmt" count="12"/>
        <line num="178" type="stmt" count="6"/>
        <line num="179" type="stmt" count="6"/>
        <line num="180" type="stmt" count="6"/>
        <line num="183" type="stmt" count="6"/>
        <line num="186" type="stmt" count="14"/>
        <line num="187" type="stmt" count="2"/>
        <line num="189" type="stmt" count="14"/>
        <metrics loc="191" ncloc="128" classes="1" methods="7" coveredmethods="7" conditionals="0" coveredconditionals="0" statements="60" coveredstatements="60" elements="67" coveredelements="67"/>
      </file>
      <file name="/var/www/html/packages/Formgenerator/SKien/Formgenerator/FormInput.php">
        <class name="SKien\Formgenerator\FormInput" namespace="SKien\Formgenerator" fullPackage="Formgenerator" package="Formgenerator">
          <metrics complexity="64" methods="20" coveredmethods="20" conditionals="0" coveredconditionals="0" statements="167" coveredstatements="167" elements="187" coveredelements="187"/>
        </class>
        <line num="37" type="method" name="__construct" visibility="public" complexity="2" crap="2" count="84"/>
        <line num="39" type="stmt" count="84"/>
        <line num="40" type="stmt" count="84"/>
        <line num="41" type="stmt" count="84"/>
        <line num="42" type="stmt" count="84"/>
        <line num="43" type="stmt" count="84"/>
        <line num="44" type="stmt" count="84"/>
        <line num="45" type="stmt" count="84"/>
        <line num="47" type="stmt" count="84"/>
        <line num="48" type="stmt" count="84"/>
        <line num="49" type="stmt" count="1"/>
        <line num="51" type="stmt" count="84"/>
        <line num="58" type="method" name="fromXML" visibility="public" complexity="2" crap="2" count="4"/>
        <line num="65" type="stmt" count="4"/>
        <line num="66" type="stmt" count="4"/>
        <line num="67" type="stmt" count="4"/>
        <line num="68" type="stmt" count="3"/>
        <line num="69" type="stmt" count="3"/>
        <line num="70" type="stmt" count="3"/>
        <line num="71" type="stmt" count="3"/>
        <line num="79" type="method" name="readAdditionalXML" visibility="public" complexity="4" crap="4" count="3"/>
        <line num="81" type="stmt" count="3"/>
        <line num="82" type="stmt" count="3"/>
        <line num="83" type="stmt" count="2"/>
        <line num="85" type="stmt" count="3"/>
        <line num="86" type="stmt" count="2"/>
        <line num="88" type="stmt" count="3"/>
        <line num="89" type="stmt" count="1"/>
        <line num="91" type="stmt" count="3"/>
        <line num="97" type="method" name="setMaxLength" visibility="public" complexity="1" crap="1" count="1"/>
        <line num="99" type="stmt" count="1"/>
        <line num="100" type="stmt" count="1"/>
        <line num="106" type="method" name="setPlaceholder" visibility="public" complexity="2" crap="2" count="26"/>
        <line num="108" type="stmt" count="26"/>
        <line num="109" type="stmt" count="11"/>
        <line num="111" type="stmt" count="26"/>
        <line num="123" type="method" name="setSelectImg" visibility="public" complexity="1" crap="1" count="3"/>
        <line num="125" type="stmt" count="3"/>
        <line num="126" type="stmt" count="3"/>
        <line num="127" type="stmt" count="3"/>
        <line num="137" type="method" name="setExpandFolder" visibility="public" complexity="1" crap="1" count="2"/>
        <line num="139" type="stmt" count="2"/>
        <line num="140" type="stmt" count="2"/>
        <line num="146" type="method" name="setSuffix" visibility="public" complexity="1" crap="1" count="4"/>
        <line num="148" type="stmt" count="4"/>
        <line num="149" type="stmt" count="4"/>
        <line num="155" type="method" name="onParentSet" visibility="protected" complexity="2" crap="2" count="58"/>
        <line num="157" type="stmt" count="58"/>
        <line num="158" type="stmt" count="2"/>
        <line num="160" type="stmt" count="58"/>
        <line num="168" type="method" name="getHTML" visibility="public" complexity="2" crap="2" count="52"/>
        <line num="170" type="stmt" count="52"/>
        <line num="171" type="stmt" count="52"/>
        <line num="172" type="stmt" count="52"/>
        <line num="174" type="stmt" count="52"/>
        <line num="176" type="stmt" count="52"/>
        <line num="177" type="stmt" count="52"/>
        <line num="178" type="stmt" count="52"/>
        <line num="179" type="stmt" count="52"/>
        <line num="180" type="stmt" count="52"/>
        <line num="181" type="stmt" count="52"/>
        <line num="182" type="stmt" count="52"/>
        <line num="183" type="stmt" count="52"/>
        <line num="184" type="stmt" count="52"/>
        <line num="185" type="stmt" count="52"/>
        <line num="186" type="stmt" count="52"/>
        <line num="188" type="stmt" count="52"/>
        <line num="189" type="stmt" count="51"/>
        <line num="190" type="stmt" count="51"/>
        <line num="192" type="stmt" count="51"/>
        <line num="194" type="stmt" count="51"/>
        <line num="204" type="method" name="setTabindex" visibility="public" complexity="2" crap="2" count="112"/>
        <line num="206" type="stmt" count="112"/>
        <line num="207" type="stmt" count="12"/>
        <line num="209" type="stmt" count="103"/>
        <line num="210" type="stmt" count="103"/>
        <line num="216" type="method" name="processFlags" visibility="protected" complexity="4" crap="4" count="97"/>
        <line num="218" type="stmt" count="97"/>
        <line num="220" type="stmt" count="97"/>
        <line num="221" type="stmt" count="4"/>
        <line num="223" type="stmt" count="97"/>
        <line num="224" type="stmt" count="10"/>
        <line num="225" type="stmt" count="89"/>
        <line num="226" type="stmt" count="1"/>
        <line num="228" type="stmt" count="97"/>
        <line num="233" type="method" name="setTypeFromFlags" visibility="protected" complexity="5" crap="5" count="97"/>
        <line num="235" type="stmt" count="97"/>
        <line num="236" type="stmt" count="2"/>
        <line num="238" type="stmt" count="97"/>
        <line num="239" type="stmt" count="1"/>
        <line num="241" type="stmt" count="97"/>
        <line num="242" type="stmt" count="1"/>
        <line num="243" type="stmt" count="1"/>
        <line num="244" type="stmt" count="1"/>
        <line num="247" type="stmt" count="97"/>
        <line num="254" type="method" name="setSize" visibility="protected" complexity="5" crap="5" count="52"/>
        <line num="256" type="stmt" count="52"/>
        <line num="257" type="stmt" count="2"/>
        <line num="259" type="stmt" count="52"/>
        <line num="260" type="stmt" count="46"/>
        <line num="261" type="stmt" count="8"/>
        <line num="263" type="stmt" count="6"/>
        <line num="265" type="stmt" count="52"/>
        <line num="271" type="method" name="buildClass" visibility="protected" complexity="4" crap="4" count="64"/>
        <line num="273" type="stmt" count="64"/>
        <line num="274" type="stmt" count="1"/>
        <line num="276" type="stmt" count="64"/>
        <line num="277" type="stmt" count="64"/>
        <line num="278" type="stmt" count="17"/>
        <line num="280" type="stmt" count="64"/>
        <line num="287" type="method" name="buildSuffix" visibility="protected" complexity="3" crap="3" count="51"/>
        <line num="289" type="stmt" count="51"/>
        <line num="290" type="stmt" count="51"/>
        <line num="291" type="stmt" count="6"/>
        <line num="292" type="stmt" count="1"/>
        <line num="294" type="stmt" count="6"/>
        <line num="297" type="stmt" count="51"/>
        <line num="306" type="method" name="buildListLink" visibility="protected" complexity="2" crap="2" count="52"/>
        <line num="308" type="stmt" count="52"/>
        <line num="309" type="stmt" count="52"/>
        <line num="310" type="stmt" count="52"/>
        <line num="311" type="stmt" count="1"/>
        <line num="313" type="stmt" count="52"/>
        <line num="322" type="method" name="buildDatalist" visibility="protected" complexity="3" crap="3" count="51"/>
        <line num="324" type="stmt" count="51"/>
        <line num="325" type="stmt" count="51"/>
        <line num="326" type="stmt" count="51"/>
        <line num="327" type="stmt" count="1"/>
        <line num="328" type="stmt" count="1"/>
        <line num="329" type="stmt" count="1"/>
        <line num="330" type="stmt" count="1"/>
        <line num="331" type="stmt" count="1"/>
        <line num="333" type="stmt" count="1"/>
        <line num="335" type="stmt" count="51"/>
        <line num="344" type="method" name="buildSelectButton" visibility="protected" complexity="12" crap="12" count="58"/>
        <line num="346" type="stmt" count="58"/>
        <line num="347" type="stmt" count="58"/>
        <line num="348" type="stmt" count="50"/>
        <line num="351" type="stmt" count="8"/>
        <line num="352" type="stmt" count="8"/>
        <line num="353" type="stmt" count="8"/>
        <line num="354" type="stmt" count="8"/>
        <line num="355" type="stmt" count="8"/>
        <line num="358" type="stmt" count="8"/>
        <line num="360" type="stmt" count="2"/>
[...]
        <line num="137" type="stmt" count="7"/>
        <line num="138" type="stmt" count="7"/>
        <line num="139" type="stmt" count="7"/>
        <line num="141" type="stmt" count="7"/>
        <line num="143" type="stmt" count="7"/>
        <line num="146" type="stmt" count="7"/>
        <line num="154" type="method" name="setTitles" visibility="public" complexity="1" crap="1" count="1"/>
        <line num="156" type="stmt" count="1"/>
        <line num="157" type="stmt" count="1"/>
        <line num="163" type="method" name="setSubmitTitle" visibility="public" complexity="1" crap="1" count="1"/>
        <line num="165" type="stmt" count="1"/>
        <line num="166" type="stmt" count="1"/>
        <metrics loc="167" ncloc="111" classes="1" methods="7" coveredmethods="7" conditionals="0" coveredconditionals="0" statements="53" coveredstatements="53" elements="60" coveredelements="60"/>
      </file>
      <file name="/var/www/html/packages/Formgenerator/SKien/Formgenerator/FormStatic.php">
        <class name="SKien\Formgenerator\FormStatic" namespace="SKien\Formgenerator" fullPackage="Formgenerator" package="Formgenerator">
          <metrics complexity="16" methods="5" coveredmethods="5" conditionals="0" coveredconditionals="0" statements="45" coveredstatements="45" elements="50" coveredelements="50"/>
        </class>
        <line num="39" type="method" name="__construct" visibility="public" complexity="1" crap="1" count="12"/>
        <line num="41" type="stmt" count="12"/>
        <line num="42" type="stmt" count="12"/>
        <line num="43" type="stmt" count="12"/>
        <line num="44" type="stmt" count="12"/>
        <line num="51" type="method" name="fromXML" visibility="public" complexity="2" crap="2" count="1"/>
        <line num="53" type="stmt" count="1"/>
        <line num="54" type="stmt" count="1"/>
        <line num="55" type="stmt" count="1"/>
        <line num="56" type="stmt" count="1"/>
        <line num="57" type="stmt" count="1"/>
        <line num="58" type="stmt" count="1"/>
        <line num="60" type="stmt" count="1"/>
        <line num="67" type="method" name="setLabelFor" visibility="public" complexity="1" crap="1" count="1"/>
        <line num="69" type="stmt" count="1"/>
        <line num="70" type="stmt" count="1"/>
        <line num="77" type="method" name="getHTML" visibility="public" complexity="7" crap="7" count="12"/>
        <line num="80" type="stmt" count="12"/>
        <line num="81" type="stmt" count="12"/>
        <line num="82" type="stmt" count="12"/>
        <line num="83" type="stmt" count="2"/>
        <line num="85" type="stmt" count="12"/>
        <line num="86" type="stmt" count="1"/>
        <line num="87" type="stmt" count="11"/>
        <line num="88" type="stmt" count="1"/>
        <line num="90" type="stmt" count="12"/>
        <line num="91" type="stmt" count="1"/>
        <line num="94" type="stmt" count="12"/>
        <line num="95" type="stmt" count="12"/>
        <line num="96" type="stmt" count="12"/>
        <line num="97" type="stmt" count="12"/>
        <line num="98" type="stmt" count="12"/>
        <line num="99" type="stmt" count="12"/>
        <line num="100" type="stmt" count="12"/>
        <line num="101" type="stmt" count="12"/>
        <line num="102" type="stmt" count="2"/>
        <line num="104" type="stmt" count="10"/>
        <line num="106" type="stmt" count="12"/>
        <line num="108" type="stmt" count="12"/>
        <line num="115" type="method" name="buildClass" visibility="protected" complexity="5" crap="5" count="12"/>
        <line num="117" type="stmt" count="12"/>
        <line num="118" type="stmt" count="12"/>
        <line num="119" type="stmt" count="3"/>
        <line num="121" type="stmt" count="12"/>
        <line num="122" type="stmt" count="2"/>
        <line num="123" type="stmt" count="10"/>
        <line num="124" type="stmt" count="1"/>
        <line num="125" type="stmt" count="9"/>
        <line num="126" type="stmt" count="1"/>
        <line num="128" type="stmt" count="12"/>
        <metrics loc="130" ncloc="89" classes="1" methods="5" coveredmethods="5" conditionals="0" coveredconditionals="0" statements="45" coveredstatements="45" elements="50" coveredelements="50"/>
      </file>
      <file name="/var/www/html/packages/Formgenerator/SKien/Formgenerator/FormTextArea.php">
        <class name="SKien\Formgenerator\FormTextArea" namespace="SKien\Formgenerator" fullPackage="Formgenerator" package="Formgenerator">
          <metrics complexity="7" methods="3" coveredmethods="3" conditionals="0" coveredconditionals="0" statements="37" coveredstatements="37" elements="40" coveredelements="40"/>
        </class>
        <line num="28" type="method" name="__construct" visibility="public" complexity="1" crap="1" count="14"/>
        <line num="30" type="stmt" count="14"/>
        <line num="31" type="stmt" count="14"/>
        <line num="32" type="stmt" count="14"/>
        <line num="33" type="stmt" count="14"/>
        <line num="34" type="stmt" count="14"/>
        <line num="41" type="method" name="fromXML" visibility="public" complexity="2" crap="2" count="1"/>
        <line num="43" type="stmt" count="1"/>
        <line num="44" type="stmt" count="1"/>
        <line num="45" type="stmt" count="1"/>
        <line num="46" type="stmt" count="1"/>
        <line num="47" type="stmt" count="1"/>
        <line num="48" type="stmt" count="1"/>
        <line num="49" type="stmt" count="1"/>
        <line num="50" type="stmt" count="1"/>
        <line num="51" type="stmt" count="1"/>
        <line num="59" type="method" name="getHTML" visibility="public" complexity="4" crap="4" count="7"/>
        <line num="61" type="stmt" count="7"/>
        <line num="63" type="stmt" count="7"/>
        <line num="65" type="stmt" count="7"/>
        <line num="66" type="stmt" count="7"/>
        <line num="67" type="stmt" count="6"/>
        <line num="70" type="stmt" count="6"/>
        <line num="71" type="stmt" count="1"/>
        <line num="72" type="stmt" count="1"/>
        <line num="73" type="stmt" count="1"/>
        <line num="77" type="stmt" count="7"/>
        <line num="78" type="stmt" count="7"/>
        <line num="79" type="stmt" count="7"/>
        <line num="80" type="stmt" count="7"/>
        <line num="81" type="stmt" count="7"/>
        <line num="82" type="stmt" count="7"/>
        <line num="83" type="stmt" count="7"/>
        <line num="84" type="stmt" count="7"/>
        <line num="85" type="stmt" count="7"/>
        <line num="86" type="stmt" count="7"/>
        <line num="87" type="stmt" count="7"/>
        <line num="88" type="stmt" count="7"/>
        <line num="90" type="stmt" count="7"/>
        <line num="92" type="stmt" count="7"/>
        <metrics loc="94" ncloc="70" classes="1" methods="3" coveredmethods="3" conditionals="0" coveredconditionals="0" statements="37" coveredstatements="37" elements="40" coveredelements="40"/>
      </file>
      <file name="/var/www/html/packages/Formgenerator/SKien/Formgenerator/FormTime.php">
        <class name="SKien\Formgenerator\FormTime" namespace="SKien\Formgenerator" fullPackage="Formgenerator" package="Formgenerator">
          <metrics complexity="20" methods="5" coveredmethods="5" conditionals="0" coveredconditionals="0" statements="40" coveredstatements="40" elements="45" coveredelements="45"/>
        </class>
        <line num="34" type="method" name="__construct" visibility="public" complexity="1" crap="1" count="8"/>
        <line num="36" type="stmt" count="8"/>
        <line num="37" type="stmt" count="8"/>
        <line num="44" type="method" name="fromXML" visibility="public" complexity="2" crap="2" count="1"/>
        <line num="46" type="stmt" count="1"/>
        <line num="47" type="stmt" count="1"/>
        <line num="48" type="stmt" count="1"/>
        <line num="49" type="stmt" count="1"/>
        <line num="50" type="stmt" count="1"/>
        <line num="51" type="stmt" count="1"/>
        <line num="57" type="method" name="onParentSet" visibility="protected" complexity="4" crap="4" count="8"/>
        <line num="59" type="stmt" count="8"/>
        <line num="60" type="stmt" count="8"/>
        <line num="61" type="stmt" count="8"/>
        <line num="62" type="stmt" count="8"/>
        <line num="63" type="stmt" count="8"/>
        <line num="64" type="stmt" count="2"/>
        <line num="66" type="stmt" count="8"/>
        <line num="67" type="stmt" count="8"/>
        <line num="68" type="stmt" count="8"/>
        <line num="82" type="method" name="buildValue" visibility="protected" complexity="8" crap="8" count="8"/>
        <line num="84" type="stmt" count="8"/>
        <line num="86" type="stmt" count="8"/>
        <line num="87" type="stmt" count="8"/>
        <line num="89" type="stmt" count="1"/>
        <line num="90" type="stmt" count="7"/>
        <line num="91" type="stmt" count="1"/>
        <line num="93" type="stmt" count="6"/>
        <line num="94" type="stmt" count="6"/>
        <line num="95" type="stmt" count="3"/>
        <line num="99" type="stmt" count="8"/>
        <line num="100" type="stmt" count="8"/>
        <line num="101" type="stmt" count="7"/>
        <line num="103" type="stmt" count="8"/>
        <line num="111" type="method" name="addPicker" visibility="protected" complexity="5" crap="5" count="8"/>
        <line num="113" type="stmt" count="8"/>
        <line num="114" type="stmt" count="1"/>
        <line num="115" type="stmt" count="1"/>
        <line num="116" type="stmt" count="1"/>
        <line num="117" type="stmt" count="1"/>
        <line num="119" type="stmt" count="1"/>
        <line num="120" type="stmt" count="1"/>
        <line num="121" type="stmt" count="1"/>
        <line num="122" type="stmt" count="1"/>
        <line num="125" type="stmt" count="8"/>
        <metrics loc="126" ncloc="82" classes="1" methods="5" coveredmethods="5" conditionals="0" coveredconditionals="0" statements="40" coveredstatements="40" elements="45" coveredelements="45"/>
      </file>
      <file name="/var/www/html/packages/Formgenerator/SKien/Formgenerator/NullFormData.php">
        <class name="SKien\Formgenerator\NullFormData" namespace="SKien\Formgenerator" fullPackage="Formgenerator" package="Formgenerator">
          <metrics complexity="1" methods="1" coveredmethods="1" conditionals="0" coveredconditionals="0" statements="3" coveredstatements="3" elements="4" coveredelements="4"/>
        </class>
        <line num="21" type="method" name="__construct" visibility="public" complexity="1" crap="1" count="8"/>
        <line num="23" type="stmt" count="8"/>
        <line num="24" type="stmt" count="8"/>
        <line num="25" type="stmt" count="8"/>
        <metrics loc="26" ncloc="13" classes="1" methods="1" coveredmethods="1" conditionals="0" coveredconditionals="0" statements="3" coveredstatements="3" elements="4" coveredelements="4"/>
      </file>
      <file name="/var/www/html/packages/Formgenerator/SKien/Formgenerator/XMLForm.php">
        <class name="SKien\Formgenerator\XMLForm" namespace="SKien\Formgenerator" fullPackage="Formgenerator" package="Formgenerator">
          <metrics complexity="27" methods="6" coveredmethods="6" conditionals="0" coveredconditionals="0" statements="60" coveredstatements="60" elements="66" coveredelements="66"/>
        </class>
        <line num="50" type="method" name="loadXML" visibility="public" complexity="10" crap="10" count="14"/>
        <line num="52" type="stmt" count="14"/>
        <line num="54" type="stmt" count="1"/>
        <line num="55" type="stmt" count="1"/>
        <line num="58" type="stmt" count="13"/>
        <line num="59" type="stmt" count="13"/>
        <line num="60" type="stmt" count="13"/>
        <line num="61" type="stmt" count="13"/>
        <line num="63" type="stmt" count="11"/>
        <line num="64" type="stmt" count="11"/>
        <line num="65" type="stmt" count="11"/>
        <line num="66" type="stmt" count="1"/>
        <line num="67" type="stmt" count="10"/>
        <line num="68" type="stmt" count="1"/>
        <line num="69" type="stmt" count="1"/>
        <line num="70" type="stmt" count="9"/>
        <line num="71" type="stmt" count="1"/>
        <line num="72" type="stmt" count="1"/>
        <line num="75" type="stmt" count="8"/>
        <line num="78" type="stmt" count="8"/>
        <line num="81" type="stmt" count="9"/>
        <line num="82" type="stmt" count="3"/>
        <line num="83" type="stmt" count="3"/>
        <line num="85" type="stmt" count="9"/>
        <line num="86" type="stmt" count="9"/>
        <line num="96" type="method" name="createChildElements" visibility="protected" complexity="10" crap="10" count="8"/>
        <line num="98" type="stmt" count="8"/>
        <line num="99" type="stmt" count="8"/>
        <line num="100" type="stmt" count="1"/>
        <line num="102" type="stmt" count="8"/>
        <line num="103" type="stmt" count="8"/>
        <line num="104" type="stmt" count="8"/>
        <line num="106" type="stmt" count="8"/>
        <line num="107" type="stmt" count="8"/>
        <line num="108" type="stmt" count="8"/>
        <line num="110" type="stmt" count="5"/>
        <line num="111" type="stmt" count="5"/>
        <line num="114" type="stmt" count="1"/>
        <line num="115" type="stmt" count="1"/>
        <line num="117" type="stmt" count="4"/>
        <line num="118" type="stmt" count="1"/>
        <line num="121" type="stmt" count="4"/>
        <line num="129" type="method" name="getErrorMsg" visibility="public" complexity="1" crap="1" count="8"/>
        <line num="131" type="stmt" count="8"/>
        <line num="138" type="method" name="setPlainError" visibility="public" complexity="1" crap="1" count="2"/>
        <line num="140" type="stmt" count="2"/>
        <line num="141" type="stmt" count="2"/>
        <line num="147" type="method" name="setSchemaValidation" visibility="public" complexity="1" crap="1" count="14"/>
        <line num="149" type="stmt" count="14"/>
        <line num="150" type="stmt" count="14"/>
        <line num="160" type="method" name="getFormatedXMLError" visibility="protected" complexity="4" crap="4" count="3"/>
        <line num="162" type="stmt" count="3"/>
        <line num="163" type="stmt" count="3"/>
        <line num="164" type="stmt" count="3"/>
        <line num="165" type="stmt" count="3"/>
        <line num="166" type="stmt" count="1"/>
        <line num="167" type="stmt" count="1"/>
        <line num="168" type="stmt" count="1"/>
        <line num="169" type="stmt" count="1"/>
        <line num="170" type="stmt" count="1"/>
        <line num="173" type="stmt" count="2"/>
        <line num="174" type="stmt" count="2"/>
        <line num="175" type="stmt" count="2"/>
        <line num="176" type="stmt" count="2"/>
        <line num="177" type="stmt" count="2"/>
        <line num="180" type="stmt" count="3"/>
        <metrics loc="182" ncloc="129" classes="1" methods="6" coveredmethods="6" conditionals="0" coveredconditionals="0" statements="60" coveredstatements="60" elements="66" coveredelements="66"/>
      </file>
      <file name="/var/www/html/packages/Formgenerator/SKien/Formgenerator/XMLHelper.php">
        <class name="SKien\Formgenerator\XMLHelper" namespace="SKien\Formgenerator" fullPackage="Formgenerator" package="Formgenerator">
          <metrics complexity="36" methods="9" coveredmethods="9" conditionals="0" coveredconditionals="0" statements="46" coveredstatements="46" elements="55" coveredelements="55"/>
        </class>
        <line num="22" type="method" name="getAttribString" visibility="protected" complexity="4" crap="4" count="8"/>
        <line num="24" type="stmt" count="8"/>
        <line num="25" type="stmt" count="8"/>
        <line num="27" type="stmt" count="7"/>
        <line num="37" type="method" name="getAttribInt" visibility="protected" complexity="4" crap="4" count="4"/>
        <line num="39" type="stmt" count="4"/>
        <line num="40" type="stmt" count="4"/>
        <line num="42" type="stmt" count="1"/>
        <line num="52" type="method" name="getAttribFloat" visibility="protected" complexity="4" crap="4" count="1"/>
        <line num="54" type="stmt" count="1"/>
        <line num="55" type="stmt" count="1"/>
        <line num="57" type="stmt" count="1"/>
        <line num="69" type="method" name="getAttribBool" visibility="protected" complexity="5" crap="5" count="1"/>
        <line num="71" type="stmt" count="1"/>
        <line num="72" type="stmt" count="1"/>
        <line num="74" type="stmt" count="1"/>
        <line num="75" type="stmt" count="1"/>
        <line num="85" type="method" name="getAttribStringArray" visibility="protected" complexity="3" crap="3" count="2"/>
        <line num="87" type="stmt" count="2"/>
        <line num="88" type="stmt" count="2"/>
        <line num="89" type="stmt" count="2"/>
        <line num="92" type="stmt" count="2"/>
        <line num="94" type="stmt" count="2"/>
        <line num="104" type="method" name="getAttribIntArray" visibility="protected" complexity="3" crap="3" count="8"/>
        <line num="106" type="stmt" count="8"/>
        <line num="107" type="stmt" count="8"/>
        <line num="108" type="stmt" count="8"/>
        <line num="109" type="stmt" count="8"/>
        <line num="111" type="stmt" count="8"/>
        <line num="120" type="method" name="getAttribFlags" visibility="protected" complexity="4" crap="4" count="4"/>
        <line num="122" type="stmt" count="4"/>
        <line num="123" type="stmt" count="4"/>
        <line num="124" type="stmt" count="4"/>
        <line num="127" type="stmt" count="4"/>
        <line num="128" type="stmt" count="4"/>
        <line num="129" type="stmt" count="4"/>
        <line num="130" type="stmt" count="4"/>
        <line num="131" type="stmt" count="3"/>
        <line num="133" type="stmt" count="1"/>
        <line num="137" type="stmt" count="3"/>
        <line num="144" type="method" name="readElementAttributes" visibility="protected" complexity="5" crap="5" count="8"/>
        <line num="147" type="stmt" count="8"/>
        <line num="160" type="stmt" count="8"/>
        <line num="161" type="stmt" count="8"/>
        <line num="163" type="stmt" count="8"/>
        <line num="164" type="stmt" count="8"/>
        <line num="165" type="stmt" count="3"/>
        <line num="168" type="stmt" count="8"/>
        <line num="177" type="method" name="getXMLChild" visibility="protected" complexity="4" crap="4" count="9"/>
        <line num="179" type="stmt" count="9"/>
        <line num="180" type="stmt" count="9"/>
        <line num="181" type="stmt" count="8"/>
        <line num="182" type="stmt" count="8"/>
        <line num="183" type="stmt" count="8"/>
        <line num="186" type="stmt" count="1"/>
        <metrics loc="188" ncloc="127" classes="1" methods="9" coveredmethods="9" conditionals="0" coveredconditionals="0" statements="46" coveredstatements="46" elements="55" coveredelements="55"/>
      </file>
    </package>
    <file name="/var/www/html/packages/Formgenerator/SKien/Formgenerator/FormDataInterface.php">
      <metrics loc="33" ncloc="13" classes="0" methods="0" coveredmethods="0" conditionals="0" coveredconditionals="0" statements="0" coveredstatements="0" elements="0" coveredelements="0"/>
    </file>
    <file name="/var/www/html/packages/Formgenerator/SKien/Formgenerator/FormElementInterface.php">
      <metrics loc="66" ncloc="27" classes="0" methods="0" coveredmethods="0" conditionals="0" coveredconditionals="0" statements="0" coveredstatements="0" elements="0" coveredelements="0"/>
    </file>
    <metrics files="36" loc="5585" ncloc="3744" classes="34" methods="253" coveredmethods="251" conditionals="0" coveredconditionals="0" statements="1616" coveredstatements="1604" elements="1869" coveredelements="1855"/>
  </project>
</coverage>
